<?xml version="1.0" encoding="UTF-8"?>
<!-- Generated by org.testng.reporters.JUnitReportReporter -->
<testsuite skipped="0" hostname="NagaChaitanya" name="test.MercuryTest" tests="1" failures="0" timestamp="2021-04-17T11:41:44 IST" time="7.765" errors="0">
  <testcase name="logontest" time="7.765" classname="test.MercuryTest"/>
  <system-out/>
</testsuite> <!-- test.MercuryTest -->
