<?xml version="1.0" encoding="UTF-8"?>
<!-- Generated by org.testng.reporters.JUnitReportReporter -->
<testsuite skipped="0" hostname="NagaChaitanya" name="com.utility.TestConfig" tests="1" failures="0" timestamp="2021-04-17T11:44:01 IST" time="0.021" errors="0">
  <testcase name="propertyreader" time="0.021" classname="com.utility.TestConfig"/>
  <system-out/>
</testsuite> <!-- com.utility.TestConfig -->
