<?xml version="1.0" encoding="UTF-8"?>
<!-- Generated by org.testng.reporters.JUnitReportReporter -->
<testsuite skipped="0" hostname="NagaChaitanya" name="test.FlightTest" tests="1" failures="0" timestamp="2021-04-17T13:23:38 IST" time="27.513" errors="0">
  <testcase name="logontest" time="27.513" classname="test.FlightTest"/>
  <system-out/>
</testsuite> <!-- test.FlightTest -->
