<?xml version="1.0" encoding="UTF-8"?>
<!-- Generated by org.testng.reporters.JUnitReportReporter -->
<testsuite skipped="0" hostname="NagaChaitanya" name="test.FlightLogin" tests="1" failures="0" timestamp="2021-04-17T15:36:20 IST" time="19.816" errors="0">
  <testcase name="flightlogin" time="19.816" classname="test.FlightLogin"/>
  <system-out/>
</testsuite> <!-- test.FlightLogin -->
