<?xml version="1.0" encoding="UTF-8"?>
<!-- Generated by org.testng.reporters.JUnitReportReporter -->
<testsuite skipped="0" hostname="NagaChaitanya" name="test.FlightLogin" tests="1" failures="0" timestamp="2021-04-17T16:18:50 IST" time="13.818" errors="0">
  <testcase name="flightlogin" time="13.818" classname="test.FlightLogin"/>
  <system-out/>
</testsuite> <!-- test.FlightLogin -->
