<?xml version="1.0" encoding="UTF-8"?>
<!-- Generated by org.testng.reporters.JUnitReportReporter -->
<testsuite skipped="0" hostname="NagaChaitanya" name="test.FlightLogin2" tests="1" failures="0" timestamp="2021-04-17T16:27:42 IST" time="16.247" errors="0">
  <testcase name="login" time="16.247" classname="test.FlightLogin2"/>
  <system-out/>
</testsuite> <!-- test.FlightLogin2 -->
