<?xml version="1.0" encoding="UTF-8"?>
<!-- Generated by org.testng.reporters.JUnitReportReporter -->
<testsuite skipped="0" hostname="NagaChaitanya" name="rightcilckAndDoubleClick.RightClick" tests="1" failures="0" timestamp="2021-05-06T14:00:50 IST" time="36.721" errors="0">
  <testcase name="click" time="36.721" classname="rightcilckAndDoubleClick.RightClick"/>
  <system-out/>
</testsuite> <!-- rightcilckAndDoubleClick.RightClick -->
